Unity Editor version:    2021.3.21f1 (1b156197d683)
Branch:                  2021.3/staging
Build type:              Release
Batch mode:              YES
macOS version:           Version 13.2.1 (Build 22D68)
Darwin version:          22.3.0
Architecture:            arm64
Running under Rosetta:   NO
Available memory:        16384 MB
Using pre-set license
Pro License: YES

COMMAND LINE ARGUMENTS:
/Applications/Unity/Hub/Editor/2021.3.21f1/Unity.app/Contents/MacOS/Unity
-adb2
-batchMode
-noUpm
-name
AssetImportWorker0
-projectPath
/Users/diahiraw/VRPlayground
-logFile
Logs/AssetImportWorker0.log
-srvPort
54246
Successfully changed project path to: /Users/diahiraw/VRPlayground
/Users/diahiraw/VRPlayground
[UnityMemory] Configuration Parameters - Can be set up in boot.config
    "memorysetup-bucket-allocator-granularity=16"
    "memorysetup-bucket-allocator-bucket-count=8"
    "memorysetup-bucket-allocator-block-size=33554432"
    "memorysetup-bucket-allocator-block-count=8"
    "memorysetup-main-allocator-block-size=16777216"
    "memorysetup-thread-allocator-block-size=16777216"
    "memorysetup-gfx-main-allocator-block-size=16777216"
    "memorysetup-gfx-thread-allocator-block-size=16777216"
    "memorysetup-cache-allocator-block-size=4194304"
    "memorysetup-typetree-allocator-block-size=2097152"
    "memorysetup-profiler-bucket-allocator-granularity=16"
    "memorysetup-profiler-bucket-allocator-bucket-count=8"
    "memorysetup-profiler-bucket-allocator-block-size=33554432"
    "memorysetup-profiler-bucket-allocator-block-count=8"
    "memorysetup-profiler-allocator-block-size=16777216"
    "memorysetup-profiler-editor-allocator-block-size=1048576"
    "memorysetup-temp-allocator-size-main=16777216"
    "memorysetup-job-temp-allocator-block-size=2097152"
    "memorysetup-job-temp-allocator-block-size-background=1048576"
    "memorysetup-job-temp-allocator-reduction-small-platforms=262144"
    "memorysetup-temp-allocator-size-background-worker=32768"
    "memorysetup-temp-allocator-size-job-worker=262144"
    "memorysetup-temp-allocator-size-preload-manager=33554432"
    "memorysetup-temp-allocator-size-nav-mesh-worker=65536"
    "memorysetup-temp-allocator-size-audio-worker=65536"
    "memorysetup-temp-allocator-size-cloud-worker=32768"
    "memorysetup-temp-allocator-size-gi-baking-worker=262144"
    "memorysetup-temp-allocator-size-gfx=262144"
Player connection [8680210752] Host "[IP] 0.0.0.0 [Port] 0 [Flags] 2 [Guid] 139843940 [EditorId] 139843940 [Version] 1048832 [Id] OSXEditor(0,diahs-MacBook-Pro.local) [Debug] 1 [PackageName] OSXEditor [ProjectName] Editor" joined multi-casting on [225.0.0.222:54997]...

Player connection [8680210752] Host "[IP] 0.0.0.0 [Port] 0 [Flags] 2 [Guid] 139843940 [EditorId] 139843940 [Version] 1048832 [Id] OSXEditor(0,diahs-MacBook-Pro.local) [Debug] 1 [PackageName] OSXEditor [ProjectName] Editor" joined alternative multi-casting on [225.0.0.222:34997]...

Refreshing native plugins compatible for Editor in 75.89 ms, found 2 plugins.
Preloading 0 native plugins for Editor in 0.00 ms.
Initialize engine version: 2021.3.21f1 (1b156197d683)
[Subsystems] Discovering subsystems at path /Applications/Unity/Hub/Editor/2021.3.21f1/Unity.app/Contents/Resources/UnitySubsystems
[Subsystems] Discovering subsystems at path /Users/diahiraw/VRPlayground/Assets
GfxDevice: creating device client; threaded=0; jobified=0
 preferred device: Apple M2 Pro (high power)
Metal devices available: 1
0: Apple M2 Pro (high power)
Using device Apple M2 Pro (high power)
Initializing Metal device caps: Apple M2 Pro
Initialize mono
Mono path[0] = '/Applications/Unity/Hub/Editor/2021.3.21f1/Unity.app/Contents/Managed'
Mono path[1] = '/Applications/Unity/Hub/Editor/2021.3.21f1/Unity.app/Contents/MonoBleedingEdge/lib/mono/unityjit-macos'
Mono config path = '/Applications/Unity/Hub/Editor/2021.3.21f1/Unity.app/Contents/MonoBleedingEdge/etc'
Using monoOptions --debugger-agent=transport=dt_socket,embedding=1,server=y,suspend=n,address=127.0.0.1:56602
Begin MonoManager ReloadAssembly
Registering precompiled unity dll's ...
Register platform support module: /Applications/Unity/Hub/Editor/2021.3.21f1/PlaybackEngines/WebGLSupport/UnityEditor.WebGL.Extensions.dll
Register platform support module: /Applications/Unity/Hub/Editor/2021.3.21f1/Unity.app/Contents/PlaybackEngines/MacStandaloneSupport/UnityEditor.OSXStandalone.Extensions.dll
Registered in 0.001596 seconds.
Native extension for OSXStandalone target not found
Native extension for WebGL target not found
Refreshing native plugins compatible for Editor in 62.03 ms, found 2 plugins.
Preloading 0 native plugins for Editor in 0.00 ms.
Mono: successfully reloaded assembly
- Completed reload, in  0.406 seconds
Domain Reload Profiling:
	ReloadAssembly (406ms)
		BeginReloadAssembly (82ms)
			ExecutionOrderSort (0ms)
			DisableScriptedObjects (0ms)
			BackupInstance (0ms)
			ReleaseScriptingObjects (0ms)
			CreateAndSetChildDomain (0ms)
		EndReloadAssembly (272ms)
			LoadAssemblies (83ms)
			RebuildTransferFunctionScriptingTraits (0ms)
			SetupTypeCache (61ms)
			ReleaseScriptCaches (0ms)
			RebuildScriptCaches (18ms)
			SetupLoadedEditorAssemblies (168ms)
				LogAssemblyErrors (0ms)
				InitializePlatformSupportModulesInManaged (4ms)
				SetLoadedEditorAssemblies (0ms)
				RefreshPlugins (62ms)
				BeforeProcessingInitializeOnLoad (1ms)
				ProcessInitializeOnLoadAttributes (79ms)
				ProcessInitializeOnLoadMethodAttributes (22ms)
				AfterProcessingInitializeOnLoad (0ms)
				EditorAssembliesLoaded (0ms)
			ExecutionOrderSort2 (0ms)
			AwakeInstancesAfterBackupRestoration (0ms)
Platform modules already initialized, skipping
Registering precompiled user dll's ...
Registered in 0.008245 seconds.
Begin MonoManager ReloadAssembly
Symbol file LoadedFromMemory doesn't match image /Users/diahiraw/VRPlayground/Library/PackageCache/com.unity.visualscripting@1.8.0/Editor/VisualScripting.Core/Dependencies/DotNetZip/Unity.VisualScripting.IonicZip.dll
Symbol file LoadedFromMemory doesn't match image /Users/diahiraw/VRPlayground/Library/PackageCache/com.unity.visualscripting@1.8.0/Editor/VisualScripting.Core/Dependencies/YamlDotNet/Unity.VisualScripting.YamlDotNet.dll
Native extension for OSXStandalone target not found
Native extension for WebGL target not found
Refreshing native plugins compatible for Editor in 61.54 ms, found 2 plugins.
Preloading 0 native plugins for Editor in 0.00 ms.
Package Manager log level set to [2]
Mono: successfully reloaded assembly
- Completed reload, in  0.684 seconds
Domain Reload Profiling:
	ReloadAssembly (684ms)
		BeginReloadAssembly (56ms)
			ExecutionOrderSort (0ms)
			DisableScriptedObjects (3ms)
			BackupInstance (0ms)
			ReleaseScriptingObjects (0ms)
			CreateAndSetChildDomain (13ms)
		EndReloadAssembly (571ms)
			LoadAssemblies (71ms)
			RebuildTransferFunctionScriptingTraits (0ms)
			SetupTypeCache (163ms)
			ReleaseScriptCaches (0ms)
			RebuildScriptCaches (37ms)
			SetupLoadedEditorAssemblies (277ms)
				LogAssemblyErrors (0ms)
				InitializePlatformSupportModulesInManaged (2ms)
				SetLoadedEditorAssemblies (0ms)
				RefreshPlugins (62ms)
				BeforeProcessingInitializeOnLoad (55ms)
				ProcessInitializeOnLoadAttributes (141ms)
				ProcessInitializeOnLoadMethodAttributes (16ms)
				AfterProcessingInitializeOnLoad (1ms)
				EditorAssembliesLoaded (0ms)
			ExecutionOrderSort2 (0ms)
			AwakeInstancesAfterBackupRestoration (2ms)
Platform modules already initialized, skipping
========================================================================
Worker process is ready to serve import requests
Launching external process: /Applications/Unity/Hub/Editor/2021.3.21f1/Unity.app/Contents/Tools/UnityShaderCompiler
Launched and connected shader compiler UnityShaderCompiler after 0.04 seconds
Refreshing native plugins compatible for Editor in 0.55 ms, found 2 plugins.
Preloading 0 native plugins for Editor in 0.00 ms.
Unloading 4238 Unused Serialized files (Serialized files now loaded: 0)
Unloading 51 unused Assets / (86.4 KB). Loaded Objects now: 4693.
Memory consumption went from 150.8 MB to 150.7 MB.
Total: 2.821542 ms (FindLiveObjects: 0.103542 ms CreateObjectMapping: 0.059167 ms MarkObjects: 2.553000 ms  DeleteObjects: 0.105458 ms)

AssetImportParameters requested are different than current active one (requested -> active):
  custom:video-decoder-ogg-theora: a1e56fd34408186e4bbccfd4996cb3dc -> 
  custom:container-muxer-webm: aa71ff27fc2769a1b78a27578f13a17b -> 
  custom:container-demuxer-webm: 4f35f7cbe854078d1ac9338744f61a02 -> 
  custom:video-encoder-webm-vp8: eb34c28f22e8b96e1ab97ce403110664 -> 
  custom:framework-osx-AVFoundation: e770b220cccbd017edd2c1fefb359320 -> 
  custom:audio-encoder-webm-vorbis: bf7c407c2cedff20999df2af8eb42d56 -> 
  custom:container-demuxer-ogg: 62fdf1f143b41e24485cea50d1cbac27 -> 
  custom:video-decoder-webm-vp8: 9c59270c3fd7afecdb556c50c9e8de78 -> 
  custom:audio-decoder-ogg-vorbis: bf7c407c2cedff20999df2af8eb42d56 -> 
========================================================================
Received Import Request.
  Time since last request: 1140141.172091 seconds.
  path: Assets/Classroom/Prefabs/Pin.prefab
  artifactKey: Guid(59d776748c2743c4999bddca8afd6aa5) Importer(815301076,1909f56bfc062723c751e8b465ee728b)
Start importing Assets/Classroom/Prefabs/Pin.prefab using Guid(59d776748c2743c4999bddca8afd6aa5) Importer(815301076,1909f56bfc062723c751e8b465ee728b)  -> (artifact id: '34befb1ae4acac2759badb3818dc028e') in 0.292775 seconds 
========================================================================
Received Import Request.
  Time since last request: 0.000039 seconds.
  path: Assets/Classroom/Prefabs/Bookcase.prefab
  artifactKey: Guid(b60aa87a55eea5042921a710cf4de1b1) Importer(815301076,1909f56bfc062723c751e8b465ee728b)
Start importing Assets/Classroom/Prefabs/Bookcase.prefab using Guid(b60aa87a55eea5042921a710cf4de1b1) Importer(815301076,1909f56bfc062723c751e8b465ee728b)  -> (artifact id: 'df66c5f60a7de00ba8b9191213c3c68c') in 0.011333 seconds 
========================================================================
Received Import Request.
  Time since last request: 0.000042 seconds.
  path: Assets/Classroom/Prefabs/Clock.prefab
  artifactKey: Guid(873dd54b57317eb478d8f7390b8b6504) Importer(815301076,1909f56bfc062723c751e8b465ee728b)
Start importing Assets/Classroom/Prefabs/Clock.prefab using Guid(873dd54b57317eb478d8f7390b8b6504) Importer(815301076,1909f56bfc062723c751e8b465ee728b)  -> (artifact id: '058c4b64ce149fc276965b8aaea3a035') in 0.020189 seconds 
========================================================================
Received Import Request.
  Time since last request: 0.000034 seconds.
  path: Assets/Classroom/Prefabs/DeskAndChair.prefab
  artifactKey: Guid(c04238e3862a397449fb9f3ca8b229aa) Importer(815301076,1909f56bfc062723c751e8b465ee728b)
Start importing Assets/Classroom/Prefabs/DeskAndChair.prefab using Guid(c04238e3862a397449fb9f3ca8b229aa) Importer(815301076,1909f56bfc062723c751e8b465ee728b)  -> (artifact id: '1910e965a86aa54e9881a9451efb633c') in 0.014377 seconds 
========================================================================
Received Import Request.
  Time since last request: 0.000044 seconds.
  path: Assets/Classroom/Prefabs/Chair.prefab
  artifactKey: Guid(9183174da29af27489188e29c25feb74) Importer(815301076,1909f56bfc062723c751e8b465ee728b)
Start importing Assets/Classroom/Prefabs/Chair.prefab using Guid(9183174da29af27489188e29c25feb74) Importer(815301076,1909f56bfc062723c751e8b465ee728b)  -> (artifact id: '4cc572bd7b09719eee073aff56712ac5') in 0.011692 seconds 
========================================================================
Received Import Request.
  Time since last request: 0.000055 seconds.
  path: Assets/Classroom/Prefabs/Window_2.prefab
  artifactKey: Guid(153e759021f66ca40b418286ca824021) Importer(815301076,1909f56bfc062723c751e8b465ee728b)
Start importing Assets/Classroom/Prefabs/Window_2.prefab using Guid(153e759021f66ca40b418286ca824021) Importer(815301076,1909f56bfc062723c751e8b465ee728b)  -> (artifact id: '45ba4d7064cb67675b56a43fbde6c558') in 0.013030 seconds 
========================================================================
Received Import Request.
  Time since last request: 0.000033 seconds.
  path: Assets/Classroom/Prefabs/Classroom.prefab
  artifactKey: Guid(058df58e20565704886645e96ef78257) Importer(815301076,1909f56bfc062723c751e8b465ee728b)
Start importing Assets/Classroom/Prefabs/Classroom.prefab using Guid(058df58e20565704886645e96ef78257) Importer(815301076,1909f56bfc062723c751e8b465ee728b)  -> (artifact id: 'c629d4d35b73cb424a6a6299edc355bd') in 0.022108 seconds 
========================================================================
Received Import Request.
  Time since last request: 0.000071 seconds.
  path: Assets/Classroom/Prefabs/Blackboard.prefab
  artifactKey: Guid(a7c1ee82735f63c4586dc781f916eb95) Importer(815301076,1909f56bfc062723c751e8b465ee728b)
Start importing Assets/Classroom/Prefabs/Blackboard.prefab using Guid(a7c1ee82735f63c4586dc781f916eb95) Importer(815301076,1909f56bfc062723c751e8b465ee728b)  -> (artifact id: '1bda04ba6ae08a366fdd46bb4638b711') in 0.014997 seconds 
========================================================================
Received Import Request.
  Time since last request: 0.000069 seconds.
  path: Assets/Classroom/Prefabs/Desk.prefab
  artifactKey: Guid(83dd3cce9a26aaa49b8ec8d1e5de990c) Importer(815301076,1909f56bfc062723c751e8b465ee728b)
Start importing Assets/Classroom/Prefabs/Desk.prefab using Guid(83dd3cce9a26aaa49b8ec8d1e5de990c) Importer(815301076,1909f56bfc062723c751e8b465ee728b)  -> (artifact id: '097f487af044818ed010b757baf36000') in 0.010530 seconds 
========================================================================
Received Import Request.
  Time since last request: 0.000069 seconds.
  path: Assets/Classroom/Prefabs/Window_1.prefab
  artifactKey: Guid(0f2e427de4ba46f41a94350fb61d5e08) Importer(815301076,1909f56bfc062723c751e8b465ee728b)
Start importing Assets/Classroom/Prefabs/Window_1.prefab using Guid(0f2e427de4ba46f41a94350fb61d5e08) Importer(815301076,1909f56bfc062723c751e8b465ee728b)  -> (artifact id: '67bb29d04463581de256c306f04376b8') in 0.008498 seconds 
========================================================================
Received Import Request.
  Time since last request: 0.000048 seconds.
  path: Assets/Classroom/Prefabs/TeacherDesk.prefab
  artifactKey: Guid(801197d2fe6a07148ab736f443b3315e) Importer(815301076,1909f56bfc062723c751e8b465ee728b)
Start importing Assets/Classroom/Prefabs/TeacherDesk.prefab using Guid(801197d2fe6a07148ab736f443b3315e) Importer(815301076,1909f56bfc062723c751e8b465ee728b)  -> (artifact id: '07bef5cc8f88280020fec025c0501dad') in 0.007291 seconds 
========================================================================
Received Import Request.
  Time since last request: 0.000039 seconds.
  path: Assets/Classroom/Prefabs/AirConditionerVent.prefab
  artifactKey: Guid(ad2775a7de4c8974ea63956a24ca93e9) Importer(815301076,1909f56bfc062723c751e8b465ee728b)
Start importing Assets/Classroom/Prefabs/AirConditionerVent.prefab using Guid(ad2775a7de4c8974ea63956a24ca93e9) Importer(815301076,1909f56bfc062723c751e8b465ee728b)  -> (artifact id: '72de7b5b386475f8a969b05023148f57') in 0.006558 seconds 
========================================================================
Received Import Request.
  Time since last request: 132.681541 seconds.
  path: Assets/Samples/XR Plugin Management/4.3.3/Example XR Management implementation/Editor/Unity.XR.Management.Samples.Editor.asmdef
  artifactKey: Guid(20d89efd2cc1043e5ac2c8f870d4e8fa) Importer(815301076,1909f56bfc062723c751e8b465ee728b)
Start importing Assets/Samples/XR Plugin Management/4.3.3/Example XR Management implementation/Editor/Unity.XR.Management.Samples.Editor.asmdef using Guid(20d89efd2cc1043e5ac2c8f870d4e8fa) Importer(815301076,1909f56bfc062723c751e8b465ee728b)  -> (artifact id: '5b19ead233007a636c182965242ef53f') in 0.050144 seconds 
========================================================================
Received Import Request.
  Time since last request: 18.570098 seconds.
  path: Assets/Scenes/SampleScene.unity
  artifactKey: Guid(9fc0d4010bbf28b4594072e72b8655ab) Importer(815301076,1909f56bfc062723c751e8b465ee728b)
Start importing Assets/Scenes/SampleScene.unity using Guid(9fc0d4010bbf28b4594072e72b8655ab) Importer(815301076,1909f56bfc062723c751e8b465ee728b)  -> (artifact id: 'acb3c5db6d7fe05b057638f99783b916') in 0.001568 seconds 
========================================================================
Received Import Request.
  Time since last request: 1739.518248 seconds.
  path: Assets/Scenes/Lobby.unity
  artifactKey: Guid(d8f180f40e27949ba89ef790f7140a3d) Importer(815301076,1909f56bfc062723c751e8b465ee728b)
Start importing Assets/Scenes/Lobby.unity using Guid(d8f180f40e27949ba89ef790f7140a3d) Importer(815301076,1909f56bfc062723c751e8b465ee728b)  -> (artifact id: 'a34cdc436122c6d227a5df4d96eceb31') in 0.014082 seconds 
========================================================================
Received Import Request.
  Time since last request: 9983.497105 seconds.
  path: Assets/Scenes/Lobby.unity
  artifactKey: Guid(d8f180f40e27949ba89ef790f7140a3d) Importer(815301076,1909f56bfc062723c751e8b465ee728b)
Start importing Assets/Scenes/Lobby.unity using Guid(d8f180f40e27949ba89ef790f7140a3d) Importer(815301076,1909f56bfc062723c751e8b465ee728b)  -> (artifact id: 'd13ad819a3d4b9001a7083c5185a6a85') in 0.006809 seconds 
========================================================================
Received Import Request.
  Time since last request: 15.597494 seconds.
  path: Assets/Scenes/Level 1.unity
  artifactKey: Guid(9fc0d4010bbf28b4594072e72b8655ab) Importer(815301076,1909f56bfc062723c751e8b465ee728b)
Start importing Assets/Scenes/Level 1.unity using Guid(9fc0d4010bbf28b4594072e72b8655ab) Importer(815301076,1909f56bfc062723c751e8b465ee728b)  -> (artifact id: '850d8eb18c2910d1133c65da62399542') in 0.001413 seconds 
========================================================================
Received Import Request.
  Time since last request: 10497.162271 seconds.
  path: Assets/Classroom
  artifactKey: Guid(af92e3e4a727ecd439878c74b6ad58d7) Importer(815301076,1909f56bfc062723c751e8b465ee728b)
Start importing Assets/Classroom using Guid(af92e3e4a727ecd439878c74b6ad58d7) Importer(815301076,1909f56bfc062723c751e8b465ee728b)  -> (artifact id: '8f143a1131b5997c9a0650c3417be777') in 0.004996 seconds 
========================================================================
Received Prepare
Registering precompiled user dll's ...
Registered in 0.002124 seconds.
Begin MonoManager ReloadAssembly
Thread 0x29b787000 may have been prematurely finalized
Symbol file LoadedFromMemory doesn't match image /Users/diahiraw/VRPlayground/Library/PackageCache/com.unity.visualscripting@1.8.0/Editor/VisualScripting.Core/Dependencies/DotNetZip/Unity.VisualScripting.IonicZip.dll
Symbol file LoadedFromMemory doesn't match image /Users/diahiraw/VRPlayground/Library/PackageCache/com.unity.visualscripting@1.8.0/Editor/VisualScripting.Core/Dependencies/YamlDotNet/Unity.VisualScripting.YamlDotNet.dll
Native extension for OSXStandalone target not found
Native extension for WebGL target not found
Refreshing native plugins compatible for Editor in 0.59 ms, found 2 plugins.
Preloading 0 native plugins for Editor in 0.00 ms.
Mono: successfully reloaded assembly
- Completed reload, in  0.813 seconds
Domain Reload Profiling:
	ReloadAssembly (814ms)
		BeginReloadAssembly (215ms)
			ExecutionOrderSort (0ms)
			DisableScriptedObjects (7ms)
			BackupInstance (0ms)
			ReleaseScriptingObjects (0ms)
			CreateAndSetChildDomain (81ms)
		EndReloadAssembly (542ms)
			LoadAssemblies (125ms)
			RebuildTransferFunctionScriptingTraits (0ms)
			SetupTypeCache (189ms)
			ReleaseScriptCaches (3ms)
			RebuildScriptCaches (29ms)
			SetupLoadedEditorAssemblies (204ms)
				LogAssemblyErrors (0ms)
				InitializePlatformSupportModulesInManaged (2ms)
				SetLoadedEditorAssemblies (1ms)
				RefreshPlugins (1ms)
				BeforeProcessingInitializeOnLoad (38ms)
				ProcessInitializeOnLoadAttributes (142ms)
				ProcessInitializeOnLoadMethodAttributes (19ms)
				AfterProcessingInitializeOnLoad (1ms)
				EditorAssembliesLoaded (0ms)
			ExecutionOrderSort2 (0ms)
			AwakeInstancesAfterBackupRestoration (2ms)
Platform modules already initialized, skipping
Refreshing native plugins compatible for Editor in 1.78 ms, found 2 plugins.
Preloading 0 native plugins for Editor in 0.00 ms.
Unloading 4227 Unused Serialized files (Serialized files now loaded: 0)
Unloading 41 unused Assets / (46.1 KB). Loaded Objects now: 4706.
Memory consumption went from 160.7 MB to 160.7 MB.
Total: 3.473875 ms (FindLiveObjects: 0.124416 ms CreateObjectMapping: 0.069083 ms MarkObjects: 3.209084 ms  DeleteObjects: 0.070917 ms)

AssetImportParameters requested are different than current active one (requested -> active):
  custom:video-decoder-ogg-theora: a1e56fd34408186e4bbccfd4996cb3dc -> 
  custom:container-muxer-webm: aa71ff27fc2769a1b78a27578f13a17b -> 
  custom:container-demuxer-webm: 4f35f7cbe854078d1ac9338744f61a02 -> 
  custom:video-encoder-webm-vp8: eb34c28f22e8b96e1ab97ce403110664 -> 
  custom:framework-osx-AVFoundation: e770b220cccbd017edd2c1fefb359320 -> 
  custom:audio-encoder-webm-vorbis: bf7c407c2cedff20999df2af8eb42d56 -> 
  custom:container-demuxer-ogg: 62fdf1f143b41e24485cea50d1cbac27 -> 
  custom:video-decoder-webm-vp8: 9c59270c3fd7afecdb556c50c9e8de78 -> 
  custom:audio-decoder-ogg-vorbis: bf7c407c2cedff20999df2af8eb42d56 -> 
========================================================================
Received Import Request.
  Time since last request: 9784.505087 seconds.
  path: Assets/Scenes/Level 1.unity
  artifactKey: Guid(9fc0d4010bbf28b4594072e72b8655ab) Importer(815301076,1909f56bfc062723c751e8b465ee728b)
Start importing Assets/Scenes/Level 1.unity using Guid(9fc0d4010bbf28b4594072e72b8655ab) Importer(815301076,1909f56bfc062723c751e8b465ee728b)  -> (artifact id: '3272863d9e7f67c5c86819208bb46e95') in 0.039054 seconds 
========================================================================
Received Prepare
Registering precompiled user dll's ...
Registered in 0.002159 seconds.
Begin MonoManager ReloadAssembly
Thread 0x16b3d3000 may have been prematurely finalized
Symbol file LoadedFromMemory doesn't match image /Users/diahiraw/VRPlayground/Library/PackageCache/com.unity.visualscripting@1.8.0/Editor/VisualScripting.Core/Dependencies/DotNetZip/Unity.VisualScripting.IonicZip.dll
Symbol file LoadedFromMemory doesn't match image /Users/diahiraw/VRPlayground/Library/PackageCache/com.unity.visualscripting@1.8.0/Editor/VisualScripting.Core/Dependencies/YamlDotNet/Unity.VisualScripting.YamlDotNet.dll
Native extension for OSXStandalone target not found
Native extension for WebGL target not found
Refreshing native plugins compatible for Editor in 0.60 ms, found 2 plugins.
Preloading 0 native plugins for Editor in 0.00 ms.
Mono: successfully reloaded assembly
- Completed reload, in  0.661 seconds
Domain Reload Profiling:
	ReloadAssembly (661ms)
		BeginReloadAssembly (114ms)
			ExecutionOrderSort (0ms)
			DisableScriptedObjects (3ms)
			BackupInstance (0ms)
			ReleaseScriptingObjects (0ms)
			CreateAndSetChildDomain (41ms)
		EndReloadAssembly (496ms)
			LoadAssemblies (54ms)
			RebuildTransferFunctionScriptingTraits (0ms)
			SetupTypeCache (184ms)
			ReleaseScriptCaches (1ms)
			RebuildScriptCaches (29ms)
			SetupLoadedEditorAssemblies (205ms)
				LogAssemblyErrors (0ms)
				InitializePlatformSupportModulesInManaged (3ms)
				SetLoadedEditorAssemblies (0ms)
				RefreshPlugins (1ms)
				BeforeProcessingInitializeOnLoad (39ms)
				ProcessInitializeOnLoadAttributes (143ms)
				ProcessInitializeOnLoadMethodAttributes (19ms)
				AfterProcessingInitializeOnLoad (1ms)
				EditorAssembliesLoaded (0ms)
			ExecutionOrderSort2 (0ms)
			AwakeInstancesAfterBackupRestoration (2ms)
Platform modules already initialized, skipping
Refreshing native plugins compatible for Editor in 2.00 ms, found 2 plugins.
Preloading 0 native plugins for Editor in 0.00 ms.
Unloading 4227 Unused Serialized files (Serialized files now loaded: 0)
Unloading 41 unused Assets / (46.1 KB). Loaded Objects now: 4710.
Memory consumption went from 160.8 MB to 160.7 MB.
Total: 2.894875 ms (FindLiveObjects: 0.157666 ms CreateObjectMapping: 0.072709 ms MarkObjects: 2.593416 ms  DeleteObjects: 0.070667 ms)

AssetImportParameters requested are different than current active one (requested -> active):
  custom:video-decoder-ogg-theora: a1e56fd34408186e4bbccfd4996cb3dc -> 
  custom:container-muxer-webm: aa71ff27fc2769a1b78a27578f13a17b -> 
  custom:container-demuxer-webm: 4f35f7cbe854078d1ac9338744f61a02 -> 
  custom:video-encoder-webm-vp8: eb34c28f22e8b96e1ab97ce403110664 -> 
  custom:framework-osx-AVFoundation: e770b220cccbd017edd2c1fefb359320 -> 
  custom:audio-encoder-webm-vorbis: bf7c407c2cedff20999df2af8eb42d56 -> 
  custom:container-demuxer-ogg: 62fdf1f143b41e24485cea50d1cbac27 -> 
  custom:video-decoder-webm-vp8: 9c59270c3fd7afecdb556c50c9e8de78 -> 
  custom:audio-decoder-ogg-vorbis: bf7c407c2cedff20999df2af8eb42d56 -> 
========================================================================
Received Import Request.
  Time since last request: 1402.419689 seconds.
  path: Assets/Classroom/Materials/CeilTex.mat
  artifactKey: Guid(95eaa08cb60f64cf68082ce2aae5ee11) Importer(815301076,1909f56bfc062723c751e8b465ee728b)
Start importing Assets/Classroom/Materials/CeilTex.mat using Guid(95eaa08cb60f64cf68082ce2aae5ee11) Importer(815301076,1909f56bfc062723c751e8b465ee728b)  -> (artifact id: 'd779605ef35bba91af1c43d4fb5d485f') in 0.214839 seconds 
========================================================================
Received Import Request.
  Time since last request: 0.000055 seconds.
  path: Assets/Classroom/Materials/Poster1Tex.mat
  artifactKey: Guid(c2a3dc4609ad64be7a52670d426d598a) Importer(815301076,1909f56bfc062723c751e8b465ee728b)
Start importing Assets/Classroom/Materials/Poster1Tex.mat using Guid(c2a3dc4609ad64be7a52670d426d598a) Importer(815301076,1909f56bfc062723c751e8b465ee728b)  -> (artifact id: 'f8498d770751554f2e8b49e6b352e6fb') in 0.006920 seconds 
========================================================================
Received Import Request.
  Time since last request: 0.000091 seconds.
  path: Assets/Classroom/Materials/FloorTex.mat
  artifactKey: Guid(2aea4a9bb047c4ef6b3b86d19eb7b056) Importer(815301076,1909f56bfc062723c751e8b465ee728b)
Start importing Assets/Classroom/Materials/FloorTex.mat using Guid(2aea4a9bb047c4ef6b3b86d19eb7b056) Importer(815301076,1909f56bfc062723c751e8b465ee728b)  -> (artifact id: '7a1d9544b4a3839a3c4b203abff86d16') in 0.008531 seconds 
========================================================================
Received Import Request.
  Time since last request: 0.000045 seconds.
  path: Assets/Classroom/Materials/ClassroomObj1TexS.mat
  artifactKey: Guid(e2001ab538eff486389cc9c8d5a8567e) Importer(815301076,1909f56bfc062723c751e8b465ee728b)
Start importing Assets/Classroom/Materials/ClassroomObj1TexS.mat using Guid(e2001ab538eff486389cc9c8d5a8567e) Importer(815301076,1909f56bfc062723c751e8b465ee728b)  -> (artifact id: '9c6d0a4ce61bd9fbe1daaf37a27b35fe') in 0.070786 seconds 
========================================================================
Received Import Request.
  Time since last request: 0.000044 seconds.
  path: Assets/Classroom/Materials/FloorTexN.mat
  artifactKey: Guid(129665dd96e244951b7fa826d422dcf8) Importer(815301076,1909f56bfc062723c751e8b465ee728b)
Start importing Assets/Classroom/Materials/FloorTexN.mat using Guid(129665dd96e244951b7fa826d422dcf8) Importer(815301076,1909f56bfc062723c751e8b465ee728b)  -> (artifact id: '23b4d25f5fb401f3771ce77968db2dc3') in 0.019903 seconds 
