Unity Editor version:    2021.3.21f1 (1b156197d683)
Branch:                  2021.3/staging
Build type:              Release
Batch mode:              YES
macOS version:           Version 13.2.1 (Build 22D68)
Darwin version:          22.3.0
Architecture:            arm64
Running under Rosetta:   NO
Available memory:        16384 MB
Using pre-set license
Pro License: YES

COMMAND LINE ARGUMENTS:
/Applications/Unity/Hub/Editor/2021.3.21f1/Unity.app/Contents/MacOS/Unity
-adb2
-batchMode
-noUpm
-name
AssetImportWorker1
-projectPath
/Users/diahiraw/VRPlayground
-logFile
Logs/AssetImportWorker1.log
-srvPort
54246
Successfully changed project path to: /Users/diahiraw/VRPlayground
/Users/diahiraw/VRPlayground
[UnityMemory] Configuration Parameters - Can be set up in boot.config
    "memorysetup-bucket-allocator-granularity=16"
    "memorysetup-bucket-allocator-bucket-count=8"
    "memorysetup-bucket-allocator-block-size=33554432"
    "memorysetup-bucket-allocator-block-count=8"
    "memorysetup-main-allocator-block-size=16777216"
    "memorysetup-thread-allocator-block-size=16777216"
    "memorysetup-gfx-main-allocator-block-size=16777216"
    "memorysetup-gfx-thread-allocator-block-size=16777216"
    "memorysetup-cache-allocator-block-size=4194304"
    "memorysetup-typetree-allocator-block-size=2097152"
    "memorysetup-profiler-bucket-allocator-granularity=16"
    "memorysetup-profiler-bucket-allocator-bucket-count=8"
    "memorysetup-profiler-bucket-allocator-block-size=33554432"
    "memorysetup-profiler-bucket-allocator-block-count=8"
    "memorysetup-profiler-allocator-block-size=16777216"
    "memorysetup-profiler-editor-allocator-block-size=1048576"
    "memorysetup-temp-allocator-size-main=16777216"
    "memorysetup-job-temp-allocator-block-size=2097152"
    "memorysetup-job-temp-allocator-block-size-background=1048576"
    "memorysetup-job-temp-allocator-reduction-small-platforms=262144"
    "memorysetup-temp-allocator-size-background-worker=32768"
    "memorysetup-temp-allocator-size-job-worker=262144"
    "memorysetup-temp-allocator-size-preload-manager=33554432"
    "memorysetup-temp-allocator-size-nav-mesh-worker=65536"
    "memorysetup-temp-allocator-size-audio-worker=65536"
    "memorysetup-temp-allocator-size-cloud-worker=32768"
    "memorysetup-temp-allocator-size-gi-baking-worker=262144"
    "memorysetup-temp-allocator-size-gfx=262144"
Player connection [8680210752] Host "[IP] 0.0.0.0 [Port] 0 [Flags] 2 [Guid] 3513192754 [EditorId] 3513192754 [Version] 1048832 [Id] OSXEditor(0,diahs-MacBook-Pro.local) [Debug] 1 [PackageName] OSXEditor [ProjectName] Editor" joined multi-casting on [225.0.0.222:54997]...

Player connection [8680210752] Host "[IP] 0.0.0.0 [Port] 0 [Flags] 2 [Guid] 3513192754 [EditorId] 3513192754 [Version] 1048832 [Id] OSXEditor(0,diahs-MacBook-Pro.local) [Debug] 1 [PackageName] OSXEditor [ProjectName] Editor" joined alternative multi-casting on [225.0.0.222:34997]...

Refreshing native plugins compatible for Editor in 75.89 ms, found 2 plugins.
Preloading 0 native plugins for Editor in 0.00 ms.
Initialize engine version: 2021.3.21f1 (1b156197d683)
[Subsystems] Discovering subsystems at path /Applications/Unity/Hub/Editor/2021.3.21f1/Unity.app/Contents/Resources/UnitySubsystems
[Subsystems] Discovering subsystems at path /Users/diahiraw/VRPlayground/Assets
GfxDevice: creating device client; threaded=0; jobified=0
 preferred device: Apple M2 Pro (high power)
Metal devices available: 1
0: Apple M2 Pro (high power)
Using device Apple M2 Pro (high power)
Initializing Metal device caps: Apple M2 Pro
Initialize mono
Mono path[0] = '/Applications/Unity/Hub/Editor/2021.3.21f1/Unity.app/Contents/Managed'
Mono path[1] = '/Applications/Unity/Hub/Editor/2021.3.21f1/Unity.app/Contents/MonoBleedingEdge/lib/mono/unityjit-macos'
Mono config path = '/Applications/Unity/Hub/Editor/2021.3.21f1/Unity.app/Contents/MonoBleedingEdge/etc'
Using monoOptions --debugger-agent=transport=dt_socket,embedding=1,server=y,suspend=n,address=127.0.0.1:56604
Begin MonoManager ReloadAssembly
Registering precompiled unity dll's ...
Register platform support module: /Applications/Unity/Hub/Editor/2021.3.21f1/PlaybackEngines/WebGLSupport/UnityEditor.WebGL.Extensions.dll
Register platform support module: /Applications/Unity/Hub/Editor/2021.3.21f1/Unity.app/Contents/PlaybackEngines/MacStandaloneSupport/UnityEditor.OSXStandalone.Extensions.dll
Registered in 0.001626 seconds.
Native extension for OSXStandalone target not found
Native extension for WebGL target not found
Refreshing native plugins compatible for Editor in 63.21 ms, found 2 plugins.
Preloading 0 native plugins for Editor in 0.00 ms.
Mono: successfully reloaded assembly
- Completed reload, in  0.406 seconds
Domain Reload Profiling:
	ReloadAssembly (406ms)
		BeginReloadAssembly (82ms)
			ExecutionOrderSort (0ms)
			DisableScriptedObjects (0ms)
			BackupInstance (0ms)
			ReleaseScriptingObjects (0ms)
			CreateAndSetChildDomain (0ms)
		EndReloadAssembly (272ms)
			LoadAssemblies (83ms)
			RebuildTransferFunctionScriptingTraits (0ms)
			SetupTypeCache (60ms)
			ReleaseScriptCaches (0ms)
			RebuildScriptCaches (18ms)
			SetupLoadedEditorAssemblies (169ms)
				LogAssemblyErrors (0ms)
				InitializePlatformSupportModulesInManaged (3ms)
				SetLoadedEditorAssemblies (0ms)
				RefreshPlugins (63ms)
				BeforeProcessingInitializeOnLoad (1ms)
				ProcessInitializeOnLoadAttributes (79ms)
				ProcessInitializeOnLoadMethodAttributes (22ms)
				AfterProcessingInitializeOnLoad (0ms)
				EditorAssembliesLoaded (0ms)
			ExecutionOrderSort2 (0ms)
			AwakeInstancesAfterBackupRestoration (0ms)
Platform modules already initialized, skipping
Registering precompiled user dll's ...
Registered in 0.008253 seconds.
Begin MonoManager ReloadAssembly
Symbol file LoadedFromMemory doesn't match image /Users/diahiraw/VRPlayground/Library/PackageCache/com.unity.visualscripting@1.8.0/Editor/VisualScripting.Core/Dependencies/DotNetZip/Unity.VisualScripting.IonicZip.dll
Symbol file LoadedFromMemory doesn't match image /Users/diahiraw/VRPlayground/Library/PackageCache/com.unity.visualscripting@1.8.0/Editor/VisualScripting.Core/Dependencies/YamlDotNet/Unity.VisualScripting.YamlDotNet.dll
Native extension for OSXStandalone target not found
Native extension for WebGL target not found
Refreshing native plugins compatible for Editor in 61.02 ms, found 2 plugins.
Preloading 0 native plugins for Editor in 0.00 ms.
Package Manager log level set to [2]
Mono: successfully reloaded assembly
- Completed reload, in  0.682 seconds
Domain Reload Profiling:
	ReloadAssembly (682ms)
		BeginReloadAssembly (59ms)
			ExecutionOrderSort (0ms)
			DisableScriptedObjects (3ms)
			BackupInstance (0ms)
			ReleaseScriptingObjects (0ms)
			CreateAndSetChildDomain (15ms)
		EndReloadAssembly (567ms)
			LoadAssemblies (72ms)
			RebuildTransferFunctionScriptingTraits (0ms)
			SetupTypeCache (160ms)
			ReleaseScriptCaches (0ms)
			RebuildScriptCaches (36ms)
			SetupLoadedEditorAssemblies (278ms)
				LogAssemblyErrors (0ms)
				InitializePlatformSupportModulesInManaged (2ms)
				SetLoadedEditorAssemblies (0ms)
				RefreshPlugins (61ms)
				BeforeProcessingInitializeOnLoad (54ms)
				ProcessInitializeOnLoadAttributes (144ms)
				ProcessInitializeOnLoadMethodAttributes (16ms)
				AfterProcessingInitializeOnLoad (1ms)
				EditorAssembliesLoaded (0ms)
			ExecutionOrderSort2 (0ms)
			AwakeInstancesAfterBackupRestoration (2ms)
Platform modules already initialized, skipping
========================================================================
Worker process is ready to serve import requests
Launching external process: /Applications/Unity/Hub/Editor/2021.3.21f1/Unity.app/Contents/Tools/UnityShaderCompiler
Launched and connected shader compiler UnityShaderCompiler after 0.04 seconds
Refreshing native plugins compatible for Editor in 0.49 ms, found 2 plugins.
Preloading 0 native plugins for Editor in 0.00 ms.
Unloading 4238 Unused Serialized files (Serialized files now loaded: 0)
Unloading 51 unused Assets / (86.4 KB). Loaded Objects now: 4693.
Memory consumption went from 150.9 MB to 150.8 MB.
Total: 2.449166 ms (FindLiveObjects: 0.104583 ms CreateObjectMapping: 0.064875 ms MarkObjects: 2.214917 ms  DeleteObjects: 0.064500 ms)

AssetImportParameters requested are different than current active one (requested -> active):
  custom:video-decoder-ogg-theora: a1e56fd34408186e4bbccfd4996cb3dc -> 
  custom:container-muxer-webm: aa71ff27fc2769a1b78a27578f13a17b -> 
  custom:container-demuxer-webm: 4f35f7cbe854078d1ac9338744f61a02 -> 
  custom:video-encoder-webm-vp8: eb34c28f22e8b96e1ab97ce403110664 -> 
  custom:framework-osx-AVFoundation: e770b220cccbd017edd2c1fefb359320 -> 
  custom:audio-encoder-webm-vorbis: bf7c407c2cedff20999df2af8eb42d56 -> 
  custom:container-demuxer-ogg: 62fdf1f143b41e24485cea50d1cbac27 -> 
  custom:video-decoder-webm-vp8: 9c59270c3fd7afecdb556c50c9e8de78 -> 
  custom:audio-decoder-ogg-vorbis: bf7c407c2cedff20999df2af8eb42d56 -> 
========================================================================
Received Import Request.
  Time since last request: 1140140.835985 seconds.
  path: Assets/Classroom/Prefabs/Brush.prefab
  artifactKey: Guid(1498c7d8a74e83143ae54f08ea356856) Importer(815301076,1909f56bfc062723c751e8b465ee728b)
Start importing Assets/Classroom/Prefabs/Brush.prefab using Guid(1498c7d8a74e83143ae54f08ea356856) Importer(815301076,1909f56bfc062723c751e8b465ee728b)  -> (artifact id: '8f97bd06ef97519e10198ed9b2a3e190') in 0.629406 seconds 
========================================================================
Received Import Request.
  Time since last request: 0.000050 seconds.
  path: Assets/Classroom/Prefabs/Light.prefab
  artifactKey: Guid(8fe99465238751641969860273c8fb57) Importer(815301076,1909f56bfc062723c751e8b465ee728b)
Start importing Assets/Classroom/Prefabs/Light.prefab using Guid(8fe99465238751641969860273c8fb57) Importer(815301076,1909f56bfc062723c751e8b465ee728b)  -> (artifact id: '6f31c06c1fd9da7e46bfa15b2220f975') in 0.028202 seconds 
========================================================================
Received Import Request.
  Time since last request: 0.000041 seconds.
  path: Assets/Classroom/Prefabs/Chalk.prefab
  artifactKey: Guid(9f581ea47e86dce4cbbc25fde69f1b1f) Importer(815301076,1909f56bfc062723c751e8b465ee728b)
Start importing Assets/Classroom/Prefabs/Chalk.prefab using Guid(9f581ea47e86dce4cbbc25fde69f1b1f) Importer(815301076,1909f56bfc062723c751e8b465ee728b)  -> (artifact id: '4c3fdd84e7fa5e820480569c6a7ae79d') in 0.018136 seconds 
========================================================================
Received Import Request.
  Time since last request: 0.000035 seconds.
  path: Assets/Classroom/Prefabs/Door.prefab
  artifactKey: Guid(310cca46ed279db4d8a1f7da8ae8fd73) Importer(815301076,1909f56bfc062723c751e8b465ee728b)
Start importing Assets/Classroom/Prefabs/Door.prefab using Guid(310cca46ed279db4d8a1f7da8ae8fd73) Importer(815301076,1909f56bfc062723c751e8b465ee728b)  -> (artifact id: '8cd541ae89acfff965c577fbd239d100') in 0.029004 seconds 
========================================================================
Received Import Request.
  Time since last request: 0.000042 seconds.
  path: Assets/Classroom/Prefabs/Poster.prefab
  artifactKey: Guid(4bf2549ab83cc6f49b04cbbdaf4309c7) Importer(815301076,1909f56bfc062723c751e8b465ee728b)
Start importing Assets/Classroom/Prefabs/Poster.prefab using Guid(4bf2549ab83cc6f49b04cbbdaf4309c7) Importer(815301076,1909f56bfc062723c751e8b465ee728b)  -> (artifact id: '5d0801e7ee2e1fad252bd82e85252adc') in 0.008452 seconds 
========================================================================
Received Import Request.
  Time since last request: 0.000081 seconds.
  path: Assets/Classroom/Prefabs/Noticeboard.prefab
  artifactKey: Guid(3ce41d97e5fb64e4d838c3f9135d1afb) Importer(815301076,1909f56bfc062723c751e8b465ee728b)
Start importing Assets/Classroom/Prefabs/Noticeboard.prefab using Guid(3ce41d97e5fb64e4d838c3f9135d1afb) Importer(815301076,1909f56bfc062723c751e8b465ee728b)  -> (artifact id: 'f8b3c2f139e7893905dd09f03fcb98a9') in 0.024540 seconds 
========================================================================
Received Import Request.
  Time since last request: 0.000059 seconds.
  path: Assets/Classroom/Prefabs/Switch.prefab
  artifactKey: Guid(6937894a63763a34d867b06489f3859a) Importer(815301076,1909f56bfc062723c751e8b465ee728b)
Start importing Assets/Classroom/Prefabs/Switch.prefab using Guid(6937894a63763a34d867b06489f3859a) Importer(815301076,1909f56bfc062723c751e8b465ee728b)  -> (artifact id: 'b92d26b4863bb52203d0219320d11a4d') in 0.011712 seconds 
========================================================================
Received Import Request.
  Time since last request: 0.000037 seconds.
  path: Assets/Classroom/Prefabs/Globe.prefab
  artifactKey: Guid(0261ab6f1e543624f964df5b219562e6) Importer(815301076,1909f56bfc062723c751e8b465ee728b)
Start importing Assets/Classroom/Prefabs/Globe.prefab using Guid(0261ab6f1e543624f964df5b219562e6) Importer(815301076,1909f56bfc062723c751e8b465ee728b)  -> (artifact id: '2fe5b2e286cc2d8e8d0ca02efa474f7f') in 0.011938 seconds 
========================================================================
Received Import Request.
  Time since last request: 0.000059 seconds.
  path: Assets/Classroom/Prefabs/Shelf.prefab
  artifactKey: Guid(c59b524169071b442ac2f6c920166ecc) Importer(815301076,1909f56bfc062723c751e8b465ee728b)
Start importing Assets/Classroom/Prefabs/Shelf.prefab using Guid(c59b524169071b442ac2f6c920166ecc) Importer(815301076,1909f56bfc062723c751e8b465ee728b)  -> (artifact id: '3bae3c521cbcad90ae3a7fae295345ae') in 0.008683 seconds 
========================================================================
Received Import Request.
  Time since last request: 0.000031 seconds.
  path: Assets/Classroom/Prefabs/WindowSmall.prefab
  artifactKey: Guid(f0cd065f7f8d2bb409d2dd9140733006) Importer(815301076,1909f56bfc062723c751e8b465ee728b)
Start importing Assets/Classroom/Prefabs/WindowSmall.prefab using Guid(f0cd065f7f8d2bb409d2dd9140733006) Importer(815301076,1909f56bfc062723c751e8b465ee728b)  -> (artifact id: '91ae256bf4569a1057ad1722738a7c35') in 0.005746 seconds 
========================================================================
Received Import Request.
  Time since last request: 0.000037 seconds.
  path: Assets/Classroom/Prefabs/Books.prefab
  artifactKey: Guid(ac77652b73bb1cb4b9308d28259d493b) Importer(815301076,1909f56bfc062723c751e8b465ee728b)
Start importing Assets/Classroom/Prefabs/Books.prefab using Guid(ac77652b73bb1cb4b9308d28259d493b) Importer(815301076,1909f56bfc062723c751e8b465ee728b)  -> (artifact id: 'bdb1d6e21ebe674b41f79ab790320f64') in 0.007446 seconds 
========================================================================
Received Prepare
Registering precompiled user dll's ...
Registered in 0.001851 seconds.
Begin MonoManager ReloadAssembly
Thread 0x299787000 may have been prematurely finalized
Symbol file LoadedFromMemory doesn't match image /Users/diahiraw/VRPlayground/Library/PackageCache/com.unity.visualscripting@1.8.0/Editor/VisualScripting.Core/Dependencies/DotNetZip/Unity.VisualScripting.IonicZip.dll
Symbol file LoadedFromMemory doesn't match image /Users/diahiraw/VRPlayground/Library/PackageCache/com.unity.visualscripting@1.8.0/Editor/VisualScripting.Core/Dependencies/YamlDotNet/Unity.VisualScripting.YamlDotNet.dll
Native extension for OSXStandalone target not found
Native extension for WebGL target not found
Refreshing native plugins compatible for Editor in 0.59 ms, found 2 plugins.
Preloading 0 native plugins for Editor in 0.00 ms.
Mono: successfully reloaded assembly
- Completed reload, in  0.767 seconds
Domain Reload Profiling:
	ReloadAssembly (769ms)
		BeginReloadAssembly (206ms)
			ExecutionOrderSort (0ms)
			DisableScriptedObjects (7ms)
			BackupInstance (0ms)
			ReleaseScriptingObjects (0ms)
			CreateAndSetChildDomain (72ms)
		EndReloadAssembly (512ms)
			LoadAssemblies (81ms)
			RebuildTransferFunctionScriptingTraits (0ms)
			SetupTypeCache (182ms)
			ReleaseScriptCaches (1ms)
			RebuildScriptCaches (30ms)
			SetupLoadedEditorAssemblies (214ms)
				LogAssemblyErrors (0ms)
				InitializePlatformSupportModulesInManaged (2ms)
				SetLoadedEditorAssemblies (0ms)
				RefreshPlugins (1ms)
				BeforeProcessingInitializeOnLoad (39ms)
				ProcessInitializeOnLoadAttributes (151ms)
				ProcessInitializeOnLoadMethodAttributes (19ms)
				AfterProcessingInitializeOnLoad (1ms)
				EditorAssembliesLoaded (0ms)
			ExecutionOrderSort2 (0ms)
			AwakeInstancesAfterBackupRestoration (3ms)
Platform modules already initialized, skipping
Refreshing native plugins compatible for Editor in 1.99 ms, found 2 plugins.
Preloading 0 native plugins for Editor in 0.00 ms.
Unloading 4227 Unused Serialized files (Serialized files now loaded: 0)
Unloading 41 unused Assets / (46.1 KB). Loaded Objects now: 4706.
Memory consumption went from 156.6 MB to 156.6 MB.
Total: 3.097208 ms (FindLiveObjects: 0.144959 ms CreateObjectMapping: 0.073167 ms MarkObjects: 2.591708 ms  DeleteObjects: 0.287083 ms)

AssetImportParameters requested are different than current active one (requested -> active):
  custom:video-decoder-ogg-theora: a1e56fd34408186e4bbccfd4996cb3dc -> 
  custom:container-muxer-webm: aa71ff27fc2769a1b78a27578f13a17b -> 
  custom:container-demuxer-webm: 4f35f7cbe854078d1ac9338744f61a02 -> 
  custom:video-encoder-webm-vp8: eb34c28f22e8b96e1ab97ce403110664 -> 
  custom:framework-osx-AVFoundation: e770b220cccbd017edd2c1fefb359320 -> 
  custom:audio-encoder-webm-vorbis: bf7c407c2cedff20999df2af8eb42d56 -> 
  custom:container-demuxer-ogg: 62fdf1f143b41e24485cea50d1cbac27 -> 
  custom:video-decoder-webm-vp8: 9c59270c3fd7afecdb556c50c9e8de78 -> 
  custom:audio-decoder-ogg-vorbis: bf7c407c2cedff20999df2af8eb42d56 -> 
========================================================================
Received Prepare
Registering precompiled user dll's ...
Registered in 0.001997 seconds.
Begin MonoManager ReloadAssembly
Thread 0x16bdc3000 may have been prematurely finalized
Symbol file LoadedFromMemory doesn't match image /Users/diahiraw/VRPlayground/Library/PackageCache/com.unity.visualscripting@1.8.0/Editor/VisualScripting.Core/Dependencies/DotNetZip/Unity.VisualScripting.IonicZip.dll
Symbol file LoadedFromMemory doesn't match image /Users/diahiraw/VRPlayground/Library/PackageCache/com.unity.visualscripting@1.8.0/Editor/VisualScripting.Core/Dependencies/YamlDotNet/Unity.VisualScripting.YamlDotNet.dll
Native extension for OSXStandalone target not found
Native extension for WebGL target not found
Refreshing native plugins compatible for Editor in 0.94 ms, found 2 plugins.
Preloading 0 native plugins for Editor in 0.00 ms.
Mono: successfully reloaded assembly
- Completed reload, in  0.673 seconds
Domain Reload Profiling:
	ReloadAssembly (674ms)
		BeginReloadAssembly (110ms)
			ExecutionOrderSort (0ms)
			DisableScriptedObjects (3ms)
			BackupInstance (0ms)
			ReleaseScriptingObjects (0ms)
			CreateAndSetChildDomain (45ms)
		EndReloadAssembly (511ms)
			LoadAssemblies (62ms)
			RebuildTransferFunctionScriptingTraits (0ms)
			SetupTypeCache (188ms)
			ReleaseScriptCaches (1ms)
			RebuildScriptCaches (29ms)
			SetupLoadedEditorAssemblies (205ms)
				LogAssemblyErrors (0ms)
				InitializePlatformSupportModulesInManaged (4ms)
				SetLoadedEditorAssemblies (1ms)
				RefreshPlugins (1ms)
				BeforeProcessingInitializeOnLoad (40ms)
				ProcessInitializeOnLoadAttributes (141ms)
				ProcessInitializeOnLoadMethodAttributes (18ms)
				AfterProcessingInitializeOnLoad (1ms)
				EditorAssembliesLoaded (0ms)
			ExecutionOrderSort2 (0ms)
			AwakeInstancesAfterBackupRestoration (2ms)
Platform modules already initialized, skipping
Refreshing native plugins compatible for Editor in 2.01 ms, found 2 plugins.
Preloading 0 native plugins for Editor in 0.00 ms.
Unloading 4227 Unused Serialized files (Serialized files now loaded: 0)
Unloading 41 unused Assets / (46.1 KB). Loaded Objects now: 4710.
Memory consumption went from 156.6 MB to 156.6 MB.
Total: 3.015084 ms (FindLiveObjects: 0.144500 ms CreateObjectMapping: 0.069209 ms MarkObjects: 2.730125 ms  DeleteObjects: 0.070584 ms)

AssetImportParameters requested are different than current active one (requested -> active):
  custom:video-decoder-ogg-theora: a1e56fd34408186e4bbccfd4996cb3dc -> 
  custom:container-muxer-webm: aa71ff27fc2769a1b78a27578f13a17b -> 
  custom:container-demuxer-webm: 4f35f7cbe854078d1ac9338744f61a02 -> 
  custom:video-encoder-webm-vp8: eb34c28f22e8b96e1ab97ce403110664 -> 
  custom:framework-osx-AVFoundation: e770b220cccbd017edd2c1fefb359320 -> 
  custom:audio-encoder-webm-vorbis: bf7c407c2cedff20999df2af8eb42d56 -> 
  custom:container-demuxer-ogg: 62fdf1f143b41e24485cea50d1cbac27 -> 
  custom:video-decoder-webm-vp8: 9c59270c3fd7afecdb556c50c9e8de78 -> 
  custom:audio-decoder-ogg-vorbis: bf7c407c2cedff20999df2af8eb42d56 -> 
========================================================================
Received Import Request.
  Time since last request: 33574.363108 seconds.
  path: Assets/Classroom/Materials/CeilTexS.mat
  artifactKey: Guid(7057952b5e092436299f6a21fefd4d0c) Importer(815301076,1909f56bfc062723c751e8b465ee728b)
Start importing Assets/Classroom/Materials/CeilTexS.mat using Guid(7057952b5e092436299f6a21fefd4d0c) Importer(815301076,1909f56bfc062723c751e8b465ee728b)  -> (artifact id: 'e1642202c15c5b979c25a34fa724a4a4') in 0.275727 seconds 
========================================================================
Received Import Request.
  Time since last request: 0.000085 seconds.
  path: Assets/Classroom/Materials/WallTex.mat
  artifactKey: Guid(65de40bbed9ca420ca0907547956c24a) Importer(815301076,1909f56bfc062723c751e8b465ee728b)
Start importing Assets/Classroom/Materials/WallTex.mat using Guid(65de40bbed9ca420ca0907547956c24a) Importer(815301076,1909f56bfc062723c751e8b465ee728b)  -> (artifact id: 'ab872ba4b34c7e35314860b286a0daf5') in 0.030383 seconds 
========================================================================
Received Import Request.
  Time since last request: 0.000046 seconds.
  path: Assets/Classroom/Materials/ClassroomObj1Tex.mat
  artifactKey: Guid(c93ccc39006314992bf239afd8ca0f34) Importer(815301076,1909f56bfc062723c751e8b465ee728b)
Start importing Assets/Classroom/Materials/ClassroomObj1Tex.mat using Guid(c93ccc39006314992bf239afd8ca0f34) Importer(815301076,1909f56bfc062723c751e8b465ee728b)  -> (artifact id: 'ed2f00dcdb1550d52f45b4356bd16e5d') in 0.030453 seconds 
========================================================================
Received Import Request.
  Time since last request: 0.000047 seconds.
  path: Assets/Classroom/Materials/WallTexN.mat
  artifactKey: Guid(7ec63bedb61334472ae61743b8f9d0b0) Importer(815301076,1909f56bfc062723c751e8b465ee728b)
Start importing Assets/Classroom/Materials/WallTexN.mat using Guid(7ec63bedb61334472ae61743b8f9d0b0) Importer(815301076,1909f56bfc062723c751e8b465ee728b)  -> (artifact id: '97ff0eb5669c18e7aa473e2646d57f15') in 0.007182 seconds 
